[35m[Appium][39m Welcome to Appium v1.22.3
[35m[Appium][39m Non-default server args:
[35m[Appium][39m   port: 51906
[35m[Appium][39m   loglevel: info
[35m[Appium][39m   tmpDir: C:\Users\USER\AppData\Local\Temp\\Katalon\Appium\Temp1682793736746
[35m[Appium][39m   chromedriverPort: 51907
[35m[Appium][39m Deprecated server args:
[35m[Appium][39m   [31m--chromedriver-port[39m => --default-capabilities
[35m[Appium][39m Default capabilities, which will be added to each request unless overridden by desired capabilities:
[35m[Appium][39m   chromedriverPort: 51907
[35m[Appium][39m Appium REST http interface listener started on 0.0.0.0:51906
[35m[HTTP][39m [37m-->[39m [37mGET[39m [37m/wd/hub/status[39m
[35m[HTTP][39m [90m{}[39m
[35m[HTTP][39m [37m<-- GET /wd/hub/status [39m[32m200[39m [90m14 ms - 68[39m
[35m[HTTP][39m [90m[39m
[35m[HTTP][39m [37m-->[39m [37mPOST[39m [37m/wd/hub/session[39m
[35m[HTTP][39m [90m{"desiredCapabilities":{"app":"E:\\Android-MyDemoAppRN.1.2.0.build-231_2.apk","noReset":false,"deviceName":"emulator-5554 (Android SDK built for x86 - Android 7.0)","fullReset":true,"platform":"ANDROID","newCommandTimeout":1800,"platformVersion":"7.0","automationName":"uiautomator2","autoGrantPermissions":true,"platformName":"Android","udid":"emulator-5554","systemPort":51905},"capabilities":{"firstMatch":[{"appium:app":"E:\\Android-MyDemoAppRN.1.2.0.build-231_2.apk","appium:autoGrantPermissions":true,"appium:automationName":"uiautomator2","appium:deviceName":"emulator-5554 (Android SDK built for x86 - Android 7.0)","appium:fullReset":true,"appium:newCommandTimeout":1800,"appium:noReset":false,"platform":"ANDROID","platformName":"android","appium:platformVersion":"7.0","appium:systemPort":51905,"appium:udid":"emulator-5554"}]}}[39m
[35m[BaseDriver][39m The following capabilities are not standard capabilities and should have an extension prefix:
[35m[BaseDriver][39m   platform
[35m[BaseDriver][39m   chromedriverPort
[35m[Appium][39m Appium v1.22.3 creating new AndroidUiautomator2Driver (v1.70.1) session
[35m[BaseDriver][39m The following capabilities were provided, but are not recognized by Appium:
[35m[BaseDriver][39m   platform
[35m[BaseDriver][39m Session created with session id: a4a59b9f-df1c-4bb7-b47a-41f98bc3088d
[35m[BaseDriver][39m Using local app 'E:\Android-MyDemoAppRN.1.2.0.build-231_2.apk'
[35m[ADB][39m Found 4 'build-tools' folders under 'C:\Users\USER\AppData\Local\Android\Sdk' (newest first):
[35m[ADB][39m     C:/Users/USER/AppData/Local/Android/Sdk/build-tools/30.0.3
[35m[ADB][39m     C:/Users/USER/AppData/Local/Android/Sdk/build-tools/29.0.3
[35m[ADB][39m     C:/Users/USER/AppData/Local/Android/Sdk/build-tools/29.0.2
[35m[ADB][39m     C:/Users/USER/AppData/Local/Android/Sdk/build-tools/28.0.3
[35m[ADB][39m Using 'adb.exe' from 'C:\Users\USER\AppData\Local\Android\Sdk\platform-tools\adb.exe'
[35m[AndroidDriver][39m Retrieving device list
[35m[AndroidDriver][39m Using device: emulator-5554
[35m[ADB][39m Using 'adb.exe' from 'C:\Users\USER\AppData\Local\Android\Sdk\platform-tools\adb.exe'
[35m[ADB][39m Package name: 'com.saucelabs.mydemoapp.rn'
[35m[ADB][39m Main activity name: 'com.saucelabs.mydemoapp.rn.MainActivity'
[35m[ADB][39m Using 'apksigner.jar' from 'C:\Users\USER\AppData\Local\Android\Sdk\build-tools\30.0.3\lib\apksigner.jar'
[35m[ADB][39m 'C:\Users\USER\AppData\Roaming\npm\node_modules\appium\node_modules\appium-uiautomator2-server\apks\appium-uiautomator2-server-v4.27.0.apk' is signed with the default certificate
[35m[ADB][39m 'C:\Users\USER\AppData\Roaming\npm\node_modules\appium\node_modules\appium-uiautomator2-server\apks\appium-uiautomator2-server-debug-androidTest.apk' is signed with the default certificate
[35m[UiAutomator2][39m Server packages are not going to be (re)installed
[35m[ADB][39m Adding packages ["io.appium.settings","io.appium.uiautomator2.server","io.appium.uiautomator2.server.test"] to Doze whitelist
[35m[ADB][39m 'E:\Android-MyDemoAppRN.1.2.0.build-231_2.apk' is signed with a non-default certificate
[35m[ADB][39m com.saucelabs.mydemoapp.rn was not uninstalled, because it was not present on the device
[35m[ADB][39m The application at 'E:\Android-MyDemoAppRN.1.2.0.build-231_2.apk' will not be cached, because the device under test has confirmed the support of streamed installs
[35m[ADB][39m The installation of 'Android-MyDemoAppRN.1.2.0.build-231_2.apk' took 19924ms
[35m[UiAutomator2][39m Starting UIAutomator2 server 4.27.0
[35m[UiAutomator2][39m Using UIAutomator2 server from 'C:\Users\USER\AppData\Roaming\npm\node_modules\appium\node_modules\appium-uiautomator2-server\apks\appium-uiautomator2-server-v4.27.0.apk' and test from 'C:\Users\USER\AppData\Roaming\npm\node_modules\appium\node_modules\appium-uiautomator2-server\apks\appium-uiautomator2-server-debug-androidTest.apk'
[35m[UiAutomator2][39m Waiting up to 30000ms for UiAutomator2 to be online...
[35m[WD Proxy][39m socket hang up
[35m[WD Proxy][39m socket hang up
[35m[WD Proxy][39m socket hang up
[35m[WD Proxy][39m socket hang up
[35m[WD Proxy][39m Determined the downstream protocol as 'W3C'
[35m[AndroidDriver][39m Screen already unlocked, doing nothing
[35m[UiAutomator2][39m Starting 'com.saucelabs.mydemoapp.rn/com.saucelabs.mydemoapp.rn.MainActivity and waiting for 'com.saucelabs.mydemoapp.rn/com.saucelabs.mydemoapp.rn.MainActivity'
[35m[Appium][39m New AndroidUiautomator2Driver session created successfully, session a4a59b9f-df1c-4bb7-b47a-41f98bc3088d added to master session list
[35m[HTTP][39m [37m<-- POST /wd/hub/session [39m[32m200[39m [90m47975 ms - 1300[39m
[35m[HTTP][39m [90m[39m
[35m[HTTP][39m [37m-->[39m [37mGET[39m [37m/wd/hub/session/a4a59b9f-df1c-4bb7-b47a-41f98bc3088d[39m
[35m[HTTP][39m [90m{}[39m
[35m[HTTP][39m [37m<-- GET /wd/hub/session/a4a59b9f-df1c-4bb7-b47a-41f98bc3088d [39m[32m200[39m [90m58 ms - 1254[39m
[35m[HTTP][39m [90m[39m
[35m[HTTP][39m [37m-->[39m [37mGET[39m [37m/wd/hub/session/a4a59b9f-df1c-4bb7-b47a-41f98bc3088d[39m
[35m[HTTP][39m [90m{}[39m
[35m[HTTP][39m [37m<-- GET /wd/hub/session/a4a59b9f-df1c-4bb7-b47a-41f98bc3088d [39m[32m200[39m [90m65 ms - 1254[39m
[35m[HTTP][39m [90m[39m
[35m[HTTP][39m [37m-->[39m [37mGET[39m [37m/wd/hub/status[39m
[35m[HTTP][39m [90m{}[39m
[35m[HTTP][39m [37m<-- GET /wd/hub/status [39m[32m200[39m [90m2 ms - 68[39m
[35m[HTTP][39m [90m[39m
[35m[HTTP][39m [37m-->[39m [37mPOST[39m [37m/wd/hub/session/a4a59b9f-df1c-4bb7-b47a-41f98bc3088d/timeouts[39m
[35m[HTTP][39m [90m{"implicit":30000}[39m
[35m[HTTP][39m [37m<-- POST /wd/hub/session/a4a59b9f-df1c-4bb7-b47a-41f98bc3088d/timeouts [39m[32m200[39m [90m12 ms - 14[39m
[35m[HTTP][39m [90m[39m
[35m[HTTP][39m [37m-->[39m [37mGET[39m [37m/wd/hub/session/a4a59b9f-df1c-4bb7-b47a-41f98bc3088d/screenshot[39m
[35m[HTTP][39m [90m{}[39m
[35m[HTTP][39m [37m<-- GET /wd/hub/session/a4a59b9f-df1c-4bb7-b47a-41f98bc3088d/screenshot [39m[32m200[39m [90m1124 ms - 104862[39m
[35m[HTTP][39m [90m[39m
[35m[HTTP][39m [37m-->[39m [37mGET[39m [37m/wd/hub/session/a4a59b9f-df1c-4bb7-b47a-41f98bc3088d/window/rect[39m
[35m[HTTP][39m [90m{}[39m
[35m[HTTP][39m [37m<-- GET /wd/hub/session/a4a59b9f-df1c-4bb7-b47a-41f98bc3088d/window/rect [39m[32m200[39m [90m58 ms - 50[39m
[35m[HTTP][39m [90m[39m
[35m[HTTP][39m [37m-->[39m [37mGET[39m [37m/wd/hub/session/a4a59b9f-df1c-4bb7-b47a-41f98bc3088d/appium/device/system_bars[39m
[35m[HTTP][39m [90m{}[39m
[35m[HTTP][39m [37m<-- GET /wd/hub/session/a4a59b9f-df1c-4bb7-b47a-41f98bc3088d/appium/device/system_bars [39m[32m200[39m [90m374 ms - 151[39m
[35m[HTTP][39m [90m[39m
[35m[HTTP][39m [37m-->[39m [37mPOST[39m [37m/wd/hub/session/a4a59b9f-df1c-4bb7-b47a-41f98bc3088d/timeouts[39m
[35m[HTTP][39m [90m{"implicit":50}[39m
[35m[HTTP][39m [37m<-- POST /wd/hub/session/a4a59b9f-df1c-4bb7-b47a-41f98bc3088d/timeouts [39m[32m200[39m [90m10 ms - 14[39m
[35m[HTTP][39m [90m[39m
[35m[HTTP][39m [37m-->[39m [37mGET[39m [37m/wd/hub/session/a4a59b9f-df1c-4bb7-b47a-41f98bc3088d/window/rect[39m
[35m[HTTP][39m [90m{}[39m
[35m[HTTP][39m [37m<-- GET /wd/hub/session/a4a59b9f-df1c-4bb7-b47a-41f98bc3088d/window/rect [39m[32m200[39m [90m74 ms - 50[39m
[35m[HTTP][39m [90m[39m
[35m[HTTP][39m [37m-->[39m [37mPOST[39m [37m/wd/hub/session/a4a59b9f-df1c-4bb7-b47a-41f98bc3088d/elements[39m
[35m[HTTP][39m [90m{"using":"xpath","value":"//hierarchy/android.widget.FrameLayout[1]/android.widget.LinearLayout[1]/android.widget.FrameLayout[1]/android.widget.LinearLayout[1]/android.widget.FrameLayout[1]/android.widget.FrameLayout[1]/android.view.ViewGroup[1]/android.view.ViewGroup[1]/android.view.ViewGroup[1]/android.view.ViewGroup[1]/android.view.ViewGroup[1]/android.view.ViewGroup[1]/android.widget.FrameLayout[1]/android.view.ViewGroup[1]/android.view.ViewGroup[1]/android.view.ViewGroup[1]/android.view.ViewGroup[1]/android.view.ViewGroup[1]/android.widget.FrameLayout[1]/android.view.ViewGroup[1]/android.view.ViewGroup[1]/android.view.ViewGroup[1]/android.view.ViewGroup[1]/android.view.ViewGroup[1]/android.view.ViewGroup[1]/android.view.ViewGroup[1]/android.view.ViewGroup[1]/android.view.ViewGroup[1]/android.widget.ImageView[1]"}[39m
[35m[HTTP][39m [37m<-- POST /wd/hub/session/a4a59b9f-df1c-4bb7-b47a-41f98bc3088d/elements [39m[32m200[39m [90m869 ms - 139[39m
[35m[HTTP][39m [90m[39m
[35m[HTTP][39m [37m-->[39m [37mGET[39m [37m/wd/hub/session/a4a59b9f-df1c-4bb7-b47a-41f98bc3088d/element/00000000-0000-01d8-7fff-ffff00000029/location[39m
[35m[HTTP][39m [90m{}[39m
[35m[W3C (a4a59b9f)][39m Driver proxy active, passing request on via HTTP proxy
[35m[WD Proxy][39m Replacing sessionId febd38e4-3629-4e81-9d6f-57dfb14eecf5 with a4a59b9f-df1c-4bb7-b47a-41f98bc3088d
[35m[HTTP][39m [37m<-- GET /wd/hub/session/a4a59b9f-df1c-4bb7-b47a-41f98bc3088d/element/00000000-0000-01d8-7fff-ffff00000029/location [39m[32m200[39m [90m33 ms - 77[39m
[35m[HTTP][39m [90m[39m
[35m[HTTP][39m [37m-->[39m [37mPOST[39m [37m/wd/hub/session/a4a59b9f-df1c-4bb7-b47a-41f98bc3088d/timeouts[39m
[35m[HTTP][39m [90m{"implicit":30000}[39m
[35m[HTTP][39m [37m<-- POST /wd/hub/session/a4a59b9f-df1c-4bb7-b47a-41f98bc3088d/timeouts [39m[32m200[39m [90m4 ms - 14[39m
[35m[HTTP][39m [90m[39m
[35m[HTTP][39m [37m-->[39m [37mPOST[39m [37m/wd/hub/session/a4a59b9f-df1c-4bb7-b47a-41f98bc3088d/element/00000000-0000-01d8-7fff-ffff00000029/click[39m
[35m[HTTP][39m [90m{"id":"00000000-0000-01d8-7fff-ffff00000029"}[39m
[35m[HTTP][39m [37m<-- POST /wd/hub/session/a4a59b9f-df1c-4bb7-b47a-41f98bc3088d/element/00000000-0000-01d8-7fff-ffff00000029/click [39m[32m200[39m [90m61 ms - 14[39m
[35m[HTTP][39m [90m[39m
[35m[HTTP][39m [37m-->[39m [37mGET[39m [37m/wd/hub/session/a4a59b9f-df1c-4bb7-b47a-41f98bc3088d/context[39m
[35m[HTTP][39m [90m{}[39m
[35m[HTTP][39m [37m<-- GET /wd/hub/session/a4a59b9f-df1c-4bb7-b47a-41f98bc3088d/context [39m[32m200[39m [90m3 ms - 22[39m
[35m[HTTP][39m [90m[39m
[35m[HTTP][39m [37m-->[39m [37mGET[39m [37m/wd/hub/session/a4a59b9f-df1c-4bb7-b47a-41f98bc3088d/contexts[39m
[35m[HTTP][39m [90m{}[39m
[35m[AndroidDriver][39m Skipping the webview 'WEBVIEW_25061' at '@webview_devtools_remote_25061' since it has reported having zero pages
[35m[HTTP][39m [37m<-- GET /wd/hub/session/a4a59b9f-df1c-4bb7-b47a-41f98bc3088d/contexts [39m[32m200[39m [90m1574 ms - 24[39m
[35m[HTTP][39m [90m[39m
[35m[HTTP][39m [37m-->[39m [37mPOST[39m [37m/wd/hub/session/a4a59b9f-df1c-4bb7-b47a-41f98bc3088d/context[39m
[35m[HTTP][39m [90m{"name":"NATIVE_APP"}[39m
[35m[HTTP][39m [37m<-- POST /wd/hub/session/a4a59b9f-df1c-4bb7-b47a-41f98bc3088d/context [39m[32m200[39m [90m3 ms - 14[39m
[35m[HTTP][39m [90m[39m
[35m[HTTP][39m [37m-->[39m [37mPOST[39m [37m/wd/hub/session/a4a59b9f-df1c-4bb7-b47a-41f98bc3088d/element[39m
[35m[HTTP][39m [90m{"using":"-android uiautomator","value":"new UiScrollable(new UiSelector().scrollable(true).instance(0)).scrollIntoView(new UiSelector().textContains(\"Log In\"))"}[39m
[35m[HTTP][39m [37m<-- POST /wd/hub/session/a4a59b9f-df1c-4bb7-b47a-41f98bc3088d/element [39m[32m200[39m [90m1189 ms - 137[39m
[35m[HTTP][39m [90m[39m
[35m[HTTP][39m [37m-->[39m [37mPOST[39m [37m/wd/hub/session/a4a59b9f-df1c-4bb7-b47a-41f98bc3088d/context[39m
[35m[HTTP][39m [90m{"name":"NATIVE_APP"}[39m
[35m[HTTP][39m [37m<-- POST /wd/hub/session/a4a59b9f-df1c-4bb7-b47a-41f98bc3088d/context [39m[32m200[39m [90m3 ms - 14[39m
[35m[HTTP][39m [90m[39m
[35m[HTTP][39m [37m-->[39m [37mPOST[39m [37m/wd/hub/session/a4a59b9f-df1c-4bb7-b47a-41f98bc3088d/timeouts[39m
[35m[HTTP][39m [90m{"implicit":50}[39m
[35m[HTTP][39m [37m<-- POST /wd/hub/session/a4a59b9f-df1c-4bb7-b47a-41f98bc3088d/timeouts [39m[32m200[39m [90m6 ms - 14[39m
[35m[HTTP][39m [90m[39m
[35m[HTTP][39m [37m-->[39m [37mGET[39m [37m/wd/hub/session/a4a59b9f-df1c-4bb7-b47a-41f98bc3088d/window/rect[39m
[35m[HTTP][39m [90m{}[39m
[35m[HTTP][39m [37m<-- GET /wd/hub/session/a4a59b9f-df1c-4bb7-b47a-41f98bc3088d/window/rect [39m[32m200[39m [90m20 ms - 50[39m
[35m[HTTP][39m [90m[39m
[35m[HTTP][39m [37m-->[39m [37mPOST[39m [37m/wd/hub/session/a4a59b9f-df1c-4bb7-b47a-41f98bc3088d/elements[39m
[35m[HTTP][39m [90m{"using":"xpath","value":"//*[@class = 'android.widget.TextView' and (@text = 'Log In' or . = 'Log In')]"}[39m
[35m[HTTP][39m [37m<-- POST /wd/hub/session/a4a59b9f-df1c-4bb7-b47a-41f98bc3088d/elements [39m[32m200[39m [90m935 ms - 139[39m
[35m[HTTP][39m [90m[39m
[35m[HTTP][39m [37m-->[39m [37mGET[39m [37m/wd/hub/session/a4a59b9f-df1c-4bb7-b47a-41f98bc3088d/element/00000000-0000-01d8-7fff-ffff00000087/location[39m
[35m[HTTP][39m [90m{}[39m
[35m[W3C (a4a59b9f)][39m Driver proxy active, passing request on via HTTP proxy
[35m[WD Proxy][39m Replacing sessionId febd38e4-3629-4e81-9d6f-57dfb14eecf5 with a4a59b9f-df1c-4bb7-b47a-41f98bc3088d
[35m[HTTP][39m [37m<-- GET /wd/hub/session/a4a59b9f-df1c-4bb7-b47a-41f98bc3088d/element/00000000-0000-01d8-7fff-ffff00000087/location [39m[32m200[39m [90m37 ms - 77[39m
[35m[HTTP][39m [90m[39m
[35m[HTTP][39m [37m-->[39m [37mPOST[39m [37m/wd/hub/session/a4a59b9f-df1c-4bb7-b47a-41f98bc3088d/timeouts[39m
[35m[HTTP][39m [90m{"implicit":30000}[39m
[35m[HTTP][39m [37m<-- POST /wd/hub/session/a4a59b9f-df1c-4bb7-b47a-41f98bc3088d/timeouts [39m[32m200[39m [90m6 ms - 14[39m
[35m[HTTP][39m [90m[39m
[35m[HTTP][39m [37m-->[39m [37mPOST[39m [37m/wd/hub/session/a4a59b9f-df1c-4bb7-b47a-41f98bc3088d/element/00000000-0000-01d8-7fff-ffff00000087/click[39m
[35m[HTTP][39m [90m{"id":"00000000-0000-01d8-7fff-ffff00000087"}[39m
[35m[HTTP][39m [37m<-- POST /wd/hub/session/a4a59b9f-df1c-4bb7-b47a-41f98bc3088d/element/00000000-0000-01d8-7fff-ffff00000087/click [39m[32m200[39m [90m94 ms - 14[39m
[35m[HTTP][39m [90m[39m
[35m[HTTP][39m [37m-->[39m [37mPOST[39m [37m/wd/hub/session/a4a59b9f-df1c-4bb7-b47a-41f98bc3088d/timeouts[39m
[35m[HTTP][39m [90m{"implicit":50}[39m
[35m[HTTP][39m [37m<-- POST /wd/hub/session/a4a59b9f-df1c-4bb7-b47a-41f98bc3088d/timeouts [39m[32m200[39m [90m6 ms - 14[39m
[35m[HTTP][39m [90m[39m
[35m[HTTP][39m [37m-->[39m [37mGET[39m [37m/wd/hub/session/a4a59b9f-df1c-4bb7-b47a-41f98bc3088d/window/rect[39m
[35m[HTTP][39m [90m{}[39m
[35m[HTTP][39m [37m<-- GET /wd/hub/session/a4a59b9f-df1c-4bb7-b47a-41f98bc3088d/window/rect [39m[32m200[39m [90m23 ms - 50[39m
[35m[HTTP][39m [90m[39m
[35m[HTTP][39m [37m-->[39m [37mPOST[39m [37m/wd/hub/session/a4a59b9f-df1c-4bb7-b47a-41f98bc3088d/elements[39m
[35m[HTTP][39m [90m{"using":"xpath","value":"//*[@class = 'android.widget.EditText' and (@text = '' or . = '')]"}[39m
[35m[HTTP][39m [37m<-- POST /wd/hub/session/a4a59b9f-df1c-4bb7-b47a-41f98bc3088d/elements [39m[32m200[39m [90m3104 ms - 12[39m
[35m[HTTP][39m [90m[39m
[35m[HTTP][39m [37m-->[39m [37mPOST[39m [37m/wd/hub/session/a4a59b9f-df1c-4bb7-b47a-41f98bc3088d/elements[39m
[35m[HTTP][39m [90m{"using":"xpath","value":"//*[@class = 'android.widget.EditText' and (@text = '' or . = '')]"}[39m
[35m[HTTP][39m [37m<-- POST /wd/hub/session/a4a59b9f-df1c-4bb7-b47a-41f98bc3088d/elements [39m[32m200[39m [90m261 ms - 267[39m
[35m[HTTP][39m [90m[39m
[35m[HTTP][39m [37m-->[39m [37mGET[39m [37m/wd/hub/session/a4a59b9f-df1c-4bb7-b47a-41f98bc3088d/element/00000000-0000-01d8-7fff-ffff0000008b/location[39m
[35m[HTTP][39m [90m{}[39m
[35m[W3C (a4a59b9f)][39m Driver proxy active, passing request on via HTTP proxy
[35m[WD Proxy][39m Replacing sessionId febd38e4-3629-4e81-9d6f-57dfb14eecf5 with a4a59b9f-df1c-4bb7-b47a-41f98bc3088d
[35m[HTTP][39m [37m<-- GET /wd/hub/session/a4a59b9f-df1c-4bb7-b47a-41f98bc3088d/element/00000000-0000-01d8-7fff-ffff0000008b/location [39m[32m200[39m [90m30 ms - 77[39m
[35m[HTTP][39m [90m[39m
[35m[HTTP][39m [37m-->[39m [37mPOST[39m [37m/wd/hub/session/a4a59b9f-df1c-4bb7-b47a-41f98bc3088d/timeouts[39m
[35m[HTTP][39m [90m{"implicit":30000}[39m
[35m[HTTP][39m [37m<-- POST /wd/hub/session/a4a59b9f-df1c-4bb7-b47a-41f98bc3088d/timeouts [39m[32m200[39m [90m3 ms - 14[39m
[35m[HTTP][39m [90m[39m
[35m[HTTP][39m [37m-->[39m [37mPOST[39m [37m/wd/hub/session/a4a59b9f-df1c-4bb7-b47a-41f98bc3088d/element/00000000-0000-01d8-7fff-ffff0000008b/clear[39m
[35m[HTTP][39m [90m{"id":"00000000-0000-01d8-7fff-ffff0000008b"}[39m
[35m[HTTP][39m [37m<-- POST /wd/hub/session/a4a59b9f-df1c-4bb7-b47a-41f98bc3088d/element/00000000-0000-01d8-7fff-ffff0000008b/clear [39m[32m200[39m [90m52 ms - 14[39m
[35m[HTTP][39m [90m[39m
[35m[HTTP][39m [37m-->[39m [37mPOST[39m [37m/wd/hub/session/a4a59b9f-df1c-4bb7-b47a-41f98bc3088d/element/00000000-0000-01d8-7fff-ffff0000008b/value[39m
[35m[HTTP][39m [90m{"id":"00000000-0000-01d8-7fff-ffff0000008b","text":"bob@example.com","value":["b","o","b","@","e","x","a","m","p","l","e",".","c","o","m"]}[39m
[35m[HTTP][39m [37m<-- POST /wd/hub/session/a4a59b9f-df1c-4bb7-b47a-41f98bc3088d/element/00000000-0000-01d8-7fff-ffff0000008b/value [39m[32m200[39m [90m510 ms - 14[39m
[35m[HTTP][39m [90m[39m
[35m[HTTP][39m [37m-->[39m [37mPOST[39m [37m/wd/hub/session/a4a59b9f-df1c-4bb7-b47a-41f98bc3088d/timeouts[39m
[35m[HTTP][39m [90m{"implicit":50}[39m
[35m[HTTP][39m [37m<-- POST /wd/hub/session/a4a59b9f-df1c-4bb7-b47a-41f98bc3088d/timeouts [39m[32m200[39m [90m3 ms - 14[39m
[35m[HTTP][39m [90m[39m
[35m[HTTP][39m [37m-->[39m [37mGET[39m [37m/wd/hub/session/a4a59b9f-df1c-4bb7-b47a-41f98bc3088d/window/rect[39m
[35m[HTTP][39m [90m{}[39m
[35m[HTTP][39m [37m<-- GET /wd/hub/session/a4a59b9f-df1c-4bb7-b47a-41f98bc3088d/window/rect [39m[32m200[39m [90m30 ms - 50[39m
[35m[HTTP][39m [90m[39m
[35m[HTTP][39m [37m-->[39m [37mPOST[39m [37m/wd/hub/session/a4a59b9f-df1c-4bb7-b47a-41f98bc3088d/elements[39m
[35m[HTTP][39m [90m{"using":"accessibility id","value":"Login button"}[39m
[35m[HTTP][39m [37m<-- POST /wd/hub/session/a4a59b9f-df1c-4bb7-b47a-41f98bc3088d/elements [39m[32m200[39m [90m358 ms - 139[39m
[35m[HTTP][39m [90m[39m
[35m[HTTP][39m [37m-->[39m [37mGET[39m [37m/wd/hub/session/a4a59b9f-df1c-4bb7-b47a-41f98bc3088d/element/00000000-0000-01d8-7fff-ffff00000094/location[39m
[35m[HTTP][39m [90m{}[39m
[35m[W3C (a4a59b9f)][39m Driver proxy active, passing request on via HTTP proxy
[35m[WD Proxy][39m Replacing sessionId febd38e4-3629-4e81-9d6f-57dfb14eecf5 with a4a59b9f-df1c-4bb7-b47a-41f98bc3088d
[35m[HTTP][39m [37m<-- GET /wd/hub/session/a4a59b9f-df1c-4bb7-b47a-41f98bc3088d/element/00000000-0000-01d8-7fff-ffff00000094/location [39m[32m200[39m [90m21 ms - 78[39m
[35m[HTTP][39m [90m[39m
[35m[HTTP][39m [37m-->[39m [37mPOST[39m [37m/wd/hub/session/a4a59b9f-df1c-4bb7-b47a-41f98bc3088d/timeouts[39m
[35m[HTTP][39m [90m{"implicit":30000}[39m
[35m[HTTP][39m [37m<-- POST /wd/hub/session/a4a59b9f-df1c-4bb7-b47a-41f98bc3088d/timeouts [39m[32m200[39m [90m3 ms - 14[39m
[35m[HTTP][39m [90m[39m
[35m[HTTP][39m [37m-->[39m [37mPOST[39m [37m/wd/hub/session/a4a59b9f-df1c-4bb7-b47a-41f98bc3088d/element/00000000-0000-01d8-7fff-ffff00000094/click[39m
[35m[HTTP][39m [90m{"id":"00000000-0000-01d8-7fff-ffff00000094"}[39m
[35m[HTTP][39m [37m<-- POST /wd/hub/session/a4a59b9f-df1c-4bb7-b47a-41f98bc3088d/element/00000000-0000-01d8-7fff-ffff00000094/click [39m[32m200[39m [90m61 ms - 14[39m
[35m[HTTP][39m [90m[39m
[35m[HTTP][39m [37m-->[39m [37mPOST[39m [37m/wd/hub/session/a4a59b9f-df1c-4bb7-b47a-41f98bc3088d/timeouts[39m
[35m[HTTP][39m [90m{"implicit":50}[39m
[35m[HTTP][39m [37m<-- POST /wd/hub/session/a4a59b9f-df1c-4bb7-b47a-41f98bc3088d/timeouts [39m[32m200[39m [90m4 ms - 14[39m
[35m[HTTP][39m [90m[39m
[35m[HTTP][39m [37m-->[39m [37mGET[39m [37m/wd/hub/session/a4a59b9f-df1c-4bb7-b47a-41f98bc3088d/window/rect[39m
[35m[HTTP][39m [90m{}[39m
[35m[HTTP][39m [37m<-- GET /wd/hub/session/a4a59b9f-df1c-4bb7-b47a-41f98bc3088d/window/rect [39m[32m200[39m [90m50 ms - 50[39m
[35m[HTTP][39m [90m[39m
[35m[HTTP][39m [37m-->[39m [37mPOST[39m [37m/wd/hub/session/a4a59b9f-df1c-4bb7-b47a-41f98bc3088d/elements[39m
[35m[HTTP][39m [90m{"using":"xpath","value":"//*[@class = 'android.widget.TextView' and (@text = 'Password is required' or . = 'Password is required')]"}[39m
[35m[HTTP][39m [37m<-- POST /wd/hub/session/a4a59b9f-df1c-4bb7-b47a-41f98bc3088d/elements [39m[32m200[39m [90m705 ms - 139[39m
[35m[HTTP][39m [90m[39m
[35m[HTTP][39m [37m-->[39m [37mGET[39m [37m/wd/hub/session/a4a59b9f-df1c-4bb7-b47a-41f98bc3088d/element/00000000-0000-01d8-7fff-ffff000000bc/location[39m
[35m[HTTP][39m [90m{}[39m
[35m[W3C (a4a59b9f)][39m Driver proxy active, passing request on via HTTP proxy
[35m[WD Proxy][39m Replacing sessionId febd38e4-3629-4e81-9d6f-57dfb14eecf5 with a4a59b9f-df1c-4bb7-b47a-41f98bc3088d
[35m[HTTP][39m [37m<-- GET /wd/hub/session/a4a59b9f-df1c-4bb7-b47a-41f98bc3088d/element/00000000-0000-01d8-7fff-ffff000000bc/location [39m[32m200[39m [90m33 ms - 78[39m
[35m[HTTP][39m [90m[39m
[35m[HTTP][39m [37m-->[39m [37mPOST[39m [37m/wd/hub/session/a4a59b9f-df1c-4bb7-b47a-41f98bc3088d/timeouts[39m
[35m[HTTP][39m [90m{"implicit":30000}[39m
[35m[HTTP][39m [37m<-- POST /wd/hub/session/a4a59b9f-df1c-4bb7-b47a-41f98bc3088d/timeouts [39m[32m200[39m [90m2 ms - 14[39m
[35m[HTTP][39m [90m[39m
[35m[HTTP][39m [37m-->[39m [37mGET[39m [37m/wd/hub/session/a4a59b9f-df1c-4bb7-b47a-41f98bc3088d/element/00000000-0000-01d8-7fff-ffff000000bc/text[39m
[35m[HTTP][39m [90m{}[39m
[35m[W3C (a4a59b9f)][39m Driver proxy active, passing request on via HTTP proxy
[35m[WD Proxy][39m Replacing sessionId febd38e4-3629-4e81-9d6f-57dfb14eecf5 with a4a59b9f-df1c-4bb7-b47a-41f98bc3088d
[35m[HTTP][39m [37m<-- GET /wd/hub/session/a4a59b9f-df1c-4bb7-b47a-41f98bc3088d/element/00000000-0000-01d8-7fff-ffff000000bc/text [39m[32m200[39m [90m26 ms - 83[39m
[35m[HTTP][39m [90m[39m
[35m[HTTP][39m [37m-->[39m [37mDELETE[39m [37m/wd/hub/session/a4a59b9f-df1c-4bb7-b47a-41f98bc3088d[39m
[35m[HTTP][39m [90m{}[39m
[35m[Appium][39m Removing session a4a59b9f-df1c-4bb7-b47a-41f98bc3088d from our master session list
[35m[ADB][39m com.saucelabs.mydemoapp.rn was successfully uninstalled
[35m[HTTP][39m [37m<-- DELETE /wd/hub/session/a4a59b9f-df1c-4bb7-b47a-41f98bc3088d [39m[32m200[39m [90m4458 ms - 14[39m
[35m[HTTP][39m [90m[39m
